SF:lib\0_data\models\book.dart
DA:8,2
DA:10,0
DA:11,0
LF:3
LH:1
end_of_record
SF:lib\2_application\pages\home\cubit\books_state.dart
DA:6,0
DA:7,0
DA:12,0
DA:14,0
DA:15,0
DA:19,1
DA:20,1
DA:24,1
DA:25,1
LF:9
LH:4
end_of_record
SF:lib\2_application\pages\home\cubit\books_cubit.dart
DA:9,3
DA:13,1
DA:14,2
DA:16,1
DA:17,0
DA:18,0
DA:20,0
DA:21,0
DA:24,2
DA:28,1
DA:29,2
DA:32,0
DA:33,0
LF:13
LH:7
end_of_record
SF:lib\services\book_service.dart
DA:11,0
DA:12,0
LF:2
LH:0
end_of_record
SF:lib\services\weather_service.dart
DA:64,0
DA:65,0
DA:68,0
DA:69,0
DA:73,0
DA:77,0
DA:79,0
DA:81,0
DA:82,0
DA:85,0
DA:88,0
DA:96,0
DA:101,0
DA:106,0
DA:109,0
DA:110,0
DA:111,0
DA:112,0
DA:118,0
DA:122,0
DA:124,0
DA:130,0
LF:22
LH:0
end_of_record
SF:lib\0_data\models\weather.dart
DA:13,0
DA:15,0
DA:16,0
DA:17,0
DA:18,0
DA:21,0
DA:22,0
DA:23,0
DA:24,0
DA:25,0
DA:55,0
DA:80,0
DA:81,0
DA:82,0
DA:83,0
DA:84,0
DA:85,0
DA:86,0
DA:87,0
DA:88,0
DA:89,0
DA:90,0
DA:91,0
DA:92,0
DA:93,0
DA:94,0
DA:95,0
DA:96,0
DA:97,0
DA:98,0
DA:99,0
DA:100,0
DA:101,0
DA:102,0
DA:103,0
DA:106,0
DA:107,0
DA:108,0
DA:109,0
DA:110,0
DA:111,0
DA:112,0
DA:113,0
DA:114,0
DA:115,0
DA:116,0
DA:117,0
DA:118,0
DA:119,0
DA:120,0
DA:121,0
DA:122,0
DA:123,0
DA:124,0
DA:125,0
DA:126,0
DA:127,0
DA:128,0
DA:129,0
DA:130,0
DA:145,0
DA:155,0
DA:156,0
DA:157,0
DA:158,0
DA:159,0
DA:160,0
DA:161,0
DA:162,0
DA:163,0
DA:166,0
DA:167,0
DA:168,0
DA:169,0
DA:170,0
DA:171,0
DA:172,0
DA:173,0
DA:174,0
DA:175,0
DA:185,0
DA:187,0
DA:188,0
DA:189,0
DA:190,0
DA:191,0
DA:194,0
DA:195,0
DA:196,0
DA:197,0
DA:201,0
DA:202,0
LF:92
LH:0
end_of_record
